Performing C SOURCE FILE Test CMAKE_HAVE_LIBC_PTHREAD failed with the following output:
Change Dir: /home/jarek/cpp/FizzBuzz/CMakeFiles/CMakeTmp

Run Build Command(s):/usr/bin/gmake cmTC_944ac/fast && /usr/bin/gmake -f CMakeFiles/cmTC_944ac.dir/build.make CMakeFiles/cmTC_944ac.dir/build
gmake[1]: Entering directory '/home/jarek/cpp/FizzBuzz/CMakeFiles/CMakeTmp'
Building C object CMakeFiles/cmTC_944ac.dir/src.c.o
/usr/bin/cc   -DCMAKE_HAVE_LIBC_PTHREAD   -o CMakeFiles/cmTC_944ac.dir/src.c.o   -c /home/jarek/cpp/FizzBuzz/CMakeFiles/CMakeTmp/src.c
Linking C executable cmTC_944ac
/usr/bin/cmake -E cmake_link_script CMakeFiles/cmTC_944ac.dir/link.txt --verbose=1
/usr/bin/cc  -DCMAKE_HAVE_LIBC_PTHREAD    -rdynamic CMakeFiles/cmTC_944ac.dir/src.c.o  -o cmTC_944ac 
/usr/bin/ld: CMakeFiles/cmTC_944ac.dir/src.c.o: in function `main':
src.c:(.text+0x46): undefined reference to `pthread_create'
/usr/bin/ld: src.c:(.text+0x52): undefined reference to `pthread_detach'
/usr/bin/ld: src.c:(.text+0x63): undefined reference to `pthread_join'
collect2: error: ld returned 1 exit status
gmake[1]: *** [CMakeFiles/cmTC_944ac.dir/build.make:87: cmTC_944ac] Error 1
gmake[1]: Leaving directory '/home/jarek/cpp/FizzBuzz/CMakeFiles/CMakeTmp'
gmake: *** [Makefile:121: cmTC_944ac/fast] Error 2


Source file was:
#include <pthread.h>

void* test_func(void* data)
{
  return data;
}

int main(void)
{
  pthread_t thread;
  pthread_create(&thread, NULL, test_func, NULL);
  pthread_detach(thread);
  pthread_join(thread, NULL);
  pthread_atfork(NULL, NULL, NULL);
  pthread_exit(NULL);

  return 0;
}

Determining if the function pthread_create exists in the pthreads failed with the following output:
Change Dir: /home/jarek/cpp/FizzBuzz/CMakeFiles/CMakeTmp

Run Build Command(s):/usr/bin/gmake cmTC_5709b/fast && /usr/bin/gmake -f CMakeFiles/cmTC_5709b.dir/build.make CMakeFiles/cmTC_5709b.dir/build
gmake[1]: Entering directory '/home/jarek/cpp/FizzBuzz/CMakeFiles/CMakeTmp'
Building C object CMakeFiles/cmTC_5709b.dir/CheckFunctionExists.c.o
/usr/bin/cc   -DCHECK_FUNCTION_EXISTS=pthread_create   -o CMakeFiles/cmTC_5709b.dir/CheckFunctionExists.c.o   -c /usr/share/cmake-3.16/Modules/CheckFunctionExists.c
Linking C executable cmTC_5709b
/usr/bin/cmake -E cmake_link_script CMakeFiles/cmTC_5709b.dir/link.txt --verbose=1
/usr/bin/cc  -DCHECK_FUNCTION_EXISTS=pthread_create    -rdynamic CMakeFiles/cmTC_5709b.dir/CheckFunctionExists.c.o  -o cmTC_5709b  -lpthreads 
/usr/bin/ld: cannot find -lpthreads
collect2: error: ld returned 1 exit status
gmake[1]: *** [CMakeFiles/cmTC_5709b.dir/build.make:87: cmTC_5709b] Error 1
gmake[1]: Leaving directory '/home/jarek/cpp/FizzBuzz/CMakeFiles/CMakeTmp'
gmake: *** [Makefile:121: cmTC_5709b/fast] Error 2



